13:16:11 INFO  : Launching XSDB server: xsdb -n /edatools/Xilinx/SDK/2015.4/scripts/xsdb/xsdb/xsdb-server.tcl
13:16:24 INFO  : XSDB server has started successfully.
13:16:26 INFO  : Processing command line option -hwspec /home/node003/work/proj/spiral/dma/project_1/project_1.sdk/design_1_wrapper.hdf.
13:53:07 INFO  : Connected to target on host '127.0.0.1' and port '3121'.
13:53:07 INFO  : 'targets -set -filter {jtag_cable_name =~ "Digilent JTAG-SMT2 210251841255" && level==0} -index 1' command is executed.
13:53:15 INFO  : FPGA configured successfully with bitstream "/home/node003/work/proj/spiral/dma/project_1/project_1.sdk/design_1_wrapper_hw_platform_0/design_1_wrapper.bit"
13:58:35 INFO  : Connected to target on host '127.0.0.1' and port '3121'.
13:58:36 INFO  : 'targets -set -filter {jtag_cable_name =~ "Digilent JTAG-SMT2 210251841255" && level==0} -index 1' command is executed.
13:58:49 INFO  : FPGA configured successfully with bitstream "/home/node003/work/proj/spiral/dma/project_1/project_1.sdk/design_1_wrapper_hw_platform_0/design_1_wrapper.bit"
14:00:56 INFO  : Connected to target on host '127.0.0.1' and port '3121'.
14:00:56 INFO  : 'targets -set -filter {jtag_cable_name =~ "Digilent JTAG-SMT2 210251841255" && level==0} -index 1' command is executed.
14:01:14 INFO  : FPGA configured successfully with bitstream "/home/node003/work/proj/spiral/dma/project_1/project_1.sdk/design_1_wrapper_hw_platform_0/design_1_wrapper.bit"
14:01:41 INFO  : 'targets -set -filter {jtag_cable_name =~ "Digilent JTAG-SMT2 210251841255" && level==0} -index 1' command is executed.
14:01:41 INFO  : 'fpga -state' command is executed.
14:01:42 INFO  : Connected to target on host '127.0.0.1' and port '3121'.
14:01:42 INFO  : Sourcing of '/home/node003/work/proj/spiral/dma/project_1/project_1.sdk/design_1_wrapper_hw_platform_0/ps7_init.tcl' is done.
14:01:42 INFO  : 'targets -set -filter {name =~"APU" && jtag_cable_name =~ "Digilent JTAG-SMT2 210251841255"} -index 0' command is executed.
14:01:42 INFO  : Hardware design information is loaded from '/home/node003/work/proj/spiral/dma/project_1/project_1.sdk/design_1_wrapper_hw_platform_0/system.hdf'.
14:01:42 INFO  : 'targets -set -filter {name =~"APU" && jtag_cable_name =~ "Digilent JTAG-SMT2 210251841255"} -index 0' command is executed.
14:01:43 INFO  : 'stop' command is executed.
14:01:43 INFO  : 'ps7_init' command is executed.
14:01:43 INFO  : 'ps7_post_config' command is executed.
14:01:43 INFO  : 'con' command is executed.
14:01:44 INFO  : Context for processor 'ps7_cortexa9_0' is selected.
14:01:44 INFO  : Processor reset is completed for 'ps7_cortexa9_0'.
14:01:44 INFO  : Context for processor 'ps7_cortexa9_0' is selected.
14:01:44 INFO  : The application '/home/node003/work/proj/spiral/dma/project_1/project_1.sdk/hello_world/Debug/hello_world.elf' is downloaded to processor 'ps7_cortexa9_0'.
14:01:44 INFO  : ----------------XSDB Script----------------
connect -url tcp:127.0.0.1:3121
source /home/node003/work/proj/spiral/dma/project_1/project_1.sdk/design_1_wrapper_hw_platform_0/ps7_init.tcl
targets -set -filter {name =~"APU" && jtag_cable_name =~ "Digilent JTAG-SMT2 210251841255"} -index 0
loadhw /home/node003/work/proj/spiral/dma/project_1/project_1.sdk/design_1_wrapper_hw_platform_0/system.hdf
targets -set -filter {name =~"APU" && jtag_cable_name =~ "Digilent JTAG-SMT2 210251841255"} -index 0
stop
ps7_init
ps7_post_config
con
targets -set -nocase -filter {name =~ "ARM*#0" && jtag_cable_name =~ "Digilent JTAG-SMT2 210251841255"} -index 0
rst -processor
targets -set -nocase -filter {name =~ "ARM*#0" && jtag_cable_name =~ "Digilent JTAG-SMT2 210251841255"} -index 0
dow /home/node003/work/proj/spiral/dma/project_1/project_1.sdk/hello_world/Debug/hello_world.elf
----------------End of Script----------------

14:01:44 INFO  : Memory regions updated for context APU
14:01:44 INFO  : Context for processor 'ps7_cortexa9_0' is selected.
14:01:44 INFO  : 'con' command is executed.
14:01:44 INFO  : ----------------XSDB Script (After Launch)----------------
targets -set -nocase -filter {name =~ "ARM*#0" && jtag_cable_name =~ "Digilent JTAG-SMT2 210251841255"} -index 0
con
----------------End of Script----------------

17:17:21 INFO  : Connected to target on host '127.0.0.1' and port '3121'.
17:17:21 INFO  : 'targets -set -filter {jtag_cable_name =~ "Digilent JTAG-SMT2 210251841255" && level==0} -index 1' command is executed.
17:17:37 INFO  : FPGA configured successfully with bitstream "/home/node003/work/proj/spiral/dma/project_1/project_1.sdk/design_1_wrapper_hw_platform_0/design_1_wrapper.bit"
17:18:47 INFO  : Disconnected from the channel tcfchan#1.
17:18:47 INFO  : 'targets -set -filter {jtag_cable_name =~ "Digilent JTAG-SMT2 210251841255" && level==0} -index 1' command is executed.
17:18:47 INFO  : 'fpga -state' command is executed.
17:18:47 INFO  : Connected to target on host '127.0.0.1' and port '3121'.
17:18:47 INFO  : Sourcing of '/home/node003/work/proj/spiral/dma/project_1/project_1.sdk/design_1_wrapper_hw_platform_0/ps7_init.tcl' is done.
17:18:48 INFO  : 'targets -set -filter {name =~"APU" && jtag_cable_name =~ "Digilent JTAG-SMT2 210251841255"} -index 0' command is executed.
17:18:48 INFO  : Hardware design information is loaded from '/home/node003/work/proj/spiral/dma/project_1/project_1.sdk/design_1_wrapper_hw_platform_0/system.hdf'.
17:18:48 INFO  : 'targets -set -filter {name =~"APU" && jtag_cable_name =~ "Digilent JTAG-SMT2 210251841255"} -index 0' command is executed.
17:18:48 INFO  : 'stop' command is executed.
17:18:49 INFO  : 'ps7_init' command is executed.
17:18:49 INFO  : 'ps7_post_config' command is executed.
17:18:49 INFO  : 'con' command is executed.
17:18:49 INFO  : Context for processor 'ps7_cortexa9_0' is selected.
17:18:49 INFO  : Processor reset is completed for 'ps7_cortexa9_0'.
17:18:50 INFO  : Context for processor 'ps7_cortexa9_0' is selected.
17:18:50 INFO  : The application '/home/node003/work/proj/spiral/dma/project_1/project_1.sdk/hello_world/Debug/hello_world.elf' is downloaded to processor 'ps7_cortexa9_0'.
17:18:50 INFO  : ----------------XSDB Script----------------
connect -url tcp:127.0.0.1:3121
source /home/node003/work/proj/spiral/dma/project_1/project_1.sdk/design_1_wrapper_hw_platform_0/ps7_init.tcl
targets -set -filter {name =~"APU" && jtag_cable_name =~ "Digilent JTAG-SMT2 210251841255"} -index 0
loadhw /home/node003/work/proj/spiral/dma/project_1/project_1.sdk/design_1_wrapper_hw_platform_0/system.hdf
targets -set -filter {name =~"APU" && jtag_cable_name =~ "Digilent JTAG-SMT2 210251841255"} -index 0
stop
ps7_init
ps7_post_config
con
targets -set -nocase -filter {name =~ "ARM*#0" && jtag_cable_name =~ "Digilent JTAG-SMT2 210251841255"} -index 0
rst -processor
targets -set -nocase -filter {name =~ "ARM*#0" && jtag_cable_name =~ "Digilent JTAG-SMT2 210251841255"} -index 0
dow /home/node003/work/proj/spiral/dma/project_1/project_1.sdk/hello_world/Debug/hello_world.elf
----------------End of Script----------------

17:18:50 INFO  : Memory regions updated for context APU
17:18:50 INFO  : Context for processor 'ps7_cortexa9_0' is selected.
17:18:50 INFO  : 'con' command is executed.
17:18:50 INFO  : ----------------XSDB Script (After Launch)----------------
targets -set -nocase -filter {name =~ "ARM*#0" && jtag_cable_name =~ "Digilent JTAG-SMT2 210251841255"} -index 0
con
----------------End of Script----------------

17:19:24 INFO  : Disconnected from the channel tcfchan#2.
17:19:24 INFO  : 'targets -set -filter {jtag_cable_name =~ "Digilent JTAG-SMT2 210251841255" && level==0} -index 1' command is executed.
17:19:24 INFO  : 'fpga -state' command is executed.
17:19:24 INFO  : Connected to target on host '127.0.0.1' and port '3121'.
17:19:25 INFO  : Sourcing of '/home/node003/work/proj/spiral/dma/project_1/project_1.sdk/design_1_wrapper_hw_platform_0/ps7_init.tcl' is done.
17:19:25 INFO  : 'targets -set -filter {name =~"APU" && jtag_cable_name =~ "Digilent JTAG-SMT2 210251841255"} -index 0' command is executed.
17:19:25 INFO  : Hardware design information is loaded from '/home/node003/work/proj/spiral/dma/project_1/project_1.sdk/design_1_wrapper_hw_platform_0/system.hdf'.
17:19:25 INFO  : 'targets -set -filter {name =~"APU" && jtag_cable_name =~ "Digilent JTAG-SMT2 210251841255"} -index 0' command is executed.
17:19:25 INFO  : 'stop' command is executed.
17:19:26 INFO  : 'ps7_init' command is executed.
17:19:26 INFO  : 'ps7_post_config' command is executed.
17:19:26 INFO  : 'con' command is executed.
17:19:26 INFO  : Context for processor 'ps7_cortexa9_0' is selected.
17:19:27 INFO  : Processor reset is completed for 'ps7_cortexa9_0'.
17:19:27 INFO  : Context for processor 'ps7_cortexa9_0' is selected.
17:19:27 INFO  : The application '/home/node003/work/proj/spiral/dma/project_1/project_1.sdk/hello_world/Debug/hello_world.elf' is downloaded to processor 'ps7_cortexa9_0'.
17:19:27 INFO  : ----------------XSDB Script----------------
connect -url tcp:127.0.0.1:3121
source /home/node003/work/proj/spiral/dma/project_1/project_1.sdk/design_1_wrapper_hw_platform_0/ps7_init.tcl
targets -set -filter {name =~"APU" && jtag_cable_name =~ "Digilent JTAG-SMT2 210251841255"} -index 0
loadhw /home/node003/work/proj/spiral/dma/project_1/project_1.sdk/design_1_wrapper_hw_platform_0/system.hdf
targets -set -filter {name =~"APU" && jtag_cable_name =~ "Digilent JTAG-SMT2 210251841255"} -index 0
stop
ps7_init
ps7_post_config
con
targets -set -nocase -filter {name =~ "ARM*#0" && jtag_cable_name =~ "Digilent JTAG-SMT2 210251841255"} -index 0
rst -processor
targets -set -nocase -filter {name =~ "ARM*#0" && jtag_cable_name =~ "Digilent JTAG-SMT2 210251841255"} -index 0
dow /home/node003/work/proj/spiral/dma/project_1/project_1.sdk/hello_world/Debug/hello_world.elf
----------------End of Script----------------

17:19:27 INFO  : Memory regions updated for context APU
17:19:27 INFO  : Context for processor 'ps7_cortexa9_0' is selected.
17:19:27 INFO  : 'con' command is executed.
17:19:27 INFO  : ----------------XSDB Script (After Launch)----------------
targets -set -nocase -filter {name =~ "ARM*#0" && jtag_cable_name =~ "Digilent JTAG-SMT2 210251841255"} -index 0
con
----------------End of Script----------------

17:20:44 INFO  : Disconnected from the channel tcfchan#3.
17:20:45 INFO  : 'targets -set -filter {jtag_cable_name =~ "Digilent JTAG-SMT2 210251841255" && level==0} -index 1' command is executed.
17:20:45 INFO  : 'fpga -state' command is executed.
17:20:45 INFO  : Connected to target on host '127.0.0.1' and port '3121'.
17:20:45 INFO  : Sourcing of '/home/node003/work/proj/spiral/dma/project_1/project_1.sdk/design_1_wrapper_hw_platform_0/ps7_init.tcl' is done.
17:20:45 INFO  : 'targets -set -filter {name =~"APU" && jtag_cable_name =~ "Digilent JTAG-SMT2 210251841255"} -index 0' command is executed.
17:20:46 INFO  : Hardware design information is loaded from '/home/node003/work/proj/spiral/dma/project_1/project_1.sdk/design_1_wrapper_hw_platform_0/system.hdf'.
17:20:46 INFO  : 'targets -set -filter {name =~"APU" && jtag_cable_name =~ "Digilent JTAG-SMT2 210251841255"} -index 0' command is executed.
17:20:46 INFO  : 'stop' command is executed.
17:20:46 INFO  : 'ps7_init' command is executed.
17:20:47 INFO  : 'ps7_post_config' command is executed.
17:20:47 INFO  : 'con' command is executed.
17:20:47 INFO  : Context for processor 'ps7_cortexa9_0' is selected.
17:20:47 INFO  : Processor reset is completed for 'ps7_cortexa9_0'.
17:20:47 INFO  : Context for processor 'ps7_cortexa9_0' is selected.
17:20:48 INFO  : The application '/home/node003/work/proj/spiral/dma/project_1/project_1.sdk/hello_world/Debug/hello_world.elf' is downloaded to processor 'ps7_cortexa9_0'.
17:20:48 INFO  : ----------------XSDB Script----------------
connect -url tcp:127.0.0.1:3121
source /home/node003/work/proj/spiral/dma/project_1/project_1.sdk/design_1_wrapper_hw_platform_0/ps7_init.tcl
targets -set -filter {name =~"APU" && jtag_cable_name =~ "Digilent JTAG-SMT2 210251841255"} -index 0
loadhw /home/node003/work/proj/spiral/dma/project_1/project_1.sdk/design_1_wrapper_hw_platform_0/system.hdf
targets -set -filter {name =~"APU" && jtag_cable_name =~ "Digilent JTAG-SMT2 210251841255"} -index 0
stop
ps7_init
ps7_post_config
con
targets -set -nocase -filter {name =~ "ARM*#0" && jtag_cable_name =~ "Digilent JTAG-SMT2 210251841255"} -index 0
rst -processor
targets -set -nocase -filter {name =~ "ARM*#0" && jtag_cable_name =~ "Digilent JTAG-SMT2 210251841255"} -index 0
dow /home/node003/work/proj/spiral/dma/project_1/project_1.sdk/hello_world/Debug/hello_world.elf
----------------End of Script----------------

17:20:48 INFO  : Memory regions updated for context APU
17:20:48 INFO  : Context for processor 'ps7_cortexa9_0' is selected.
17:20:48 INFO  : 'con' command is executed.
17:20:48 INFO  : ----------------XSDB Script (After Launch)----------------
targets -set -nocase -filter {name =~ "ARM*#0" && jtag_cable_name =~ "Digilent JTAG-SMT2 210251841255"} -index 0
con
----------------End of Script----------------

17:21:10 INFO  : Disconnected from the channel tcfchan#4.
17:21:11 INFO  : 'targets -set -filter {jtag_cable_name =~ "Digilent JTAG-SMT2 210251841255" && level==0} -index 1' command is executed.
17:21:11 INFO  : 'fpga -state' command is executed.
17:21:11 INFO  : Connected to target on host '127.0.0.1' and port '3121'.
17:21:11 INFO  : Sourcing of '/home/node003/work/proj/spiral/dma/project_1/project_1.sdk/design_1_wrapper_hw_platform_0/ps7_init.tcl' is done.
17:21:11 INFO  : 'targets -set -filter {name =~"APU" && jtag_cable_name =~ "Digilent JTAG-SMT2 210251841255"} -index 0' command is executed.
17:21:12 INFO  : Hardware design information is loaded from '/home/node003/work/proj/spiral/dma/project_1/project_1.sdk/design_1_wrapper_hw_platform_0/system.hdf'.
17:21:12 INFO  : 'targets -set -filter {name =~"APU" && jtag_cable_name =~ "Digilent JTAG-SMT2 210251841255"} -index 0' command is executed.
17:21:12 INFO  : 'stop' command is executed.
17:21:12 INFO  : 'ps7_init' command is executed.
17:21:13 INFO  : 'ps7_post_config' command is executed.
17:21:13 INFO  : 'con' command is executed.
17:21:13 INFO  : Context for processor 'ps7_cortexa9_0' is selected.
17:21:13 INFO  : Processor reset is completed for 'ps7_cortexa9_0'.
17:21:13 INFO  : Context for processor 'ps7_cortexa9_0' is selected.
17:21:13 INFO  : The application '/home/node003/work/proj/spiral/dma/project_1/project_1.sdk/hello_world/Debug/hello_world.elf' is downloaded to processor 'ps7_cortexa9_0'.
17:21:13 INFO  : ----------------XSDB Script----------------
connect -url tcp:127.0.0.1:3121
source /home/node003/work/proj/spiral/dma/project_1/project_1.sdk/design_1_wrapper_hw_platform_0/ps7_init.tcl
targets -set -filter {name =~"APU" && jtag_cable_name =~ "Digilent JTAG-SMT2 210251841255"} -index 0
loadhw /home/node003/work/proj/spiral/dma/project_1/project_1.sdk/design_1_wrapper_hw_platform_0/system.hdf
targets -set -filter {name =~"APU" && jtag_cable_name =~ "Digilent JTAG-SMT2 210251841255"} -index 0
stop
ps7_init
ps7_post_config
con
targets -set -nocase -filter {name =~ "ARM*#0" && jtag_cable_name =~ "Digilent JTAG-SMT2 210251841255"} -index 0
rst -processor
targets -set -nocase -filter {name =~ "ARM*#0" && jtag_cable_name =~ "Digilent JTAG-SMT2 210251841255"} -index 0
dow /home/node003/work/proj/spiral/dma/project_1/project_1.sdk/hello_world/Debug/hello_world.elf
----------------End of Script----------------

17:21:13 INFO  : Memory regions updated for context APU
17:21:14 INFO  : Context for processor 'ps7_cortexa9_0' is selected.
17:21:14 INFO  : 'con' command is executed.
17:21:14 INFO  : ----------------XSDB Script (After Launch)----------------
targets -set -nocase -filter {name =~ "ARM*#0" && jtag_cable_name =~ "Digilent JTAG-SMT2 210251841255"} -index 0
con
----------------End of Script----------------

17:22:17 INFO  : Disconnected from the channel tcfchan#5.
17:22:18 INFO  : 'targets -set -filter {jtag_cable_name =~ "Digilent JTAG-SMT2 210251841255" && level==0} -index 1' command is executed.
17:22:18 INFO  : 'fpga -state' command is executed.
17:22:18 INFO  : Connected to target on host '127.0.0.1' and port '3121'.
17:22:18 INFO  : Sourcing of '/home/node003/work/proj/spiral/dma/project_1/project_1.sdk/design_1_wrapper_hw_platform_0/ps7_init.tcl' is done.
17:22:18 INFO  : 'targets -set -filter {name =~"APU" && jtag_cable_name =~ "Digilent JTAG-SMT2 210251841255"} -index 0' command is executed.
17:22:19 INFO  : Hardware design information is loaded from '/home/node003/work/proj/spiral/dma/project_1/project_1.sdk/design_1_wrapper_hw_platform_0/system.hdf'.
17:22:19 INFO  : 'targets -set -filter {name =~"APU" && jtag_cable_name =~ "Digilent JTAG-SMT2 210251841255"} -index 0' command is executed.
17:22:19 INFO  : 'stop' command is executed.
17:22:19 INFO  : 'ps7_init' command is executed.
17:22:20 INFO  : 'ps7_post_config' command is executed.
17:22:20 INFO  : 'con' command is executed.
17:22:20 INFO  : Context for processor 'ps7_cortexa9_0' is selected.
17:22:20 INFO  : Processor reset is completed for 'ps7_cortexa9_0'.
17:22:20 INFO  : Context for processor 'ps7_cortexa9_0' is selected.
17:22:20 INFO  : The application '/home/node003/work/proj/spiral/dma/project_1/project_1.sdk/hello_world/Debug/hello_world.elf' is downloaded to processor 'ps7_cortexa9_0'.
17:22:20 INFO  : ----------------XSDB Script----------------
connect -url tcp:127.0.0.1:3121
source /home/node003/work/proj/spiral/dma/project_1/project_1.sdk/design_1_wrapper_hw_platform_0/ps7_init.tcl
targets -set -filter {name =~"APU" && jtag_cable_name =~ "Digilent JTAG-SMT2 210251841255"} -index 0
loadhw /home/node003/work/proj/spiral/dma/project_1/project_1.sdk/design_1_wrapper_hw_platform_0/system.hdf
targets -set -filter {name =~"APU" && jtag_cable_name =~ "Digilent JTAG-SMT2 210251841255"} -index 0
stop
ps7_init
ps7_post_config
con
targets -set -nocase -filter {name =~ "ARM*#0" && jtag_cable_name =~ "Digilent JTAG-SMT2 210251841255"} -index 0
rst -processor
targets -set -nocase -filter {name =~ "ARM*#0" && jtag_cable_name =~ "Digilent JTAG-SMT2 210251841255"} -index 0
dow /home/node003/work/proj/spiral/dma/project_1/project_1.sdk/hello_world/Debug/hello_world.elf
----------------End of Script----------------

17:22:20 INFO  : Memory regions updated for context APU
17:22:21 INFO  : Context for processor 'ps7_cortexa9_0' is selected.
17:22:21 INFO  : 'con' command is executed.
17:22:21 INFO  : ----------------XSDB Script (After Launch)----------------
targets -set -nocase -filter {name =~ "ARM*#0" && jtag_cable_name =~ "Digilent JTAG-SMT2 210251841255"} -index 0
con
----------------End of Script----------------

17:23:38 INFO  : Disconnected from the channel tcfchan#6.
17:23:39 INFO  : 'targets -set -filter {jtag_cable_name =~ "Digilent JTAG-SMT2 210251841255" && level==0} -index 1' command is executed.
17:23:39 INFO  : 'fpga -state' command is executed.
17:23:39 INFO  : Connected to target on host '127.0.0.1' and port '3121'.
17:23:39 INFO  : Sourcing of '/home/node003/work/proj/spiral/dma/project_1/project_1.sdk/design_1_wrapper_hw_platform_0/ps7_init.tcl' is done.
17:23:40 INFO  : 'targets -set -filter {name =~"APU" && jtag_cable_name =~ "Digilent JTAG-SMT2 210251841255"} -index 0' command is executed.
17:23:40 INFO  : Hardware design information is loaded from '/home/node003/work/proj/spiral/dma/project_1/project_1.sdk/design_1_wrapper_hw_platform_0/system.hdf'.
17:23:40 INFO  : 'targets -set -filter {name =~"APU" && jtag_cable_name =~ "Digilent JTAG-SMT2 210251841255"} -index 0' command is executed.
17:23:40 INFO  : 'stop' command is executed.
17:23:41 INFO  : 'ps7_init' command is executed.
17:23:41 INFO  : 'ps7_post_config' command is executed.
17:23:41 INFO  : 'con' command is executed.
17:23:41 INFO  : Context for processor 'ps7_cortexa9_0' is selected.
17:23:41 INFO  : Processor reset is completed for 'ps7_cortexa9_0'.
17:23:42 INFO  : Context for processor 'ps7_cortexa9_0' is selected.
17:23:42 INFO  : The application '/home/node003/work/proj/spiral/dma/project_1/project_1.sdk/hello_world/Debug/hello_world.elf' is downloaded to processor 'ps7_cortexa9_0'.
17:23:42 INFO  : ----------------XSDB Script----------------
connect -url tcp:127.0.0.1:3121
source /home/node003/work/proj/spiral/dma/project_1/project_1.sdk/design_1_wrapper_hw_platform_0/ps7_init.tcl
targets -set -filter {name =~"APU" && jtag_cable_name =~ "Digilent JTAG-SMT2 210251841255"} -index 0
loadhw /home/node003/work/proj/spiral/dma/project_1/project_1.sdk/design_1_wrapper_hw_platform_0/system.hdf
targets -set -filter {name =~"APU" && jtag_cable_name =~ "Digilent JTAG-SMT2 210251841255"} -index 0
stop
ps7_init
ps7_post_config
con
targets -set -nocase -filter {name =~ "ARM*#0" && jtag_cable_name =~ "Digilent JTAG-SMT2 210251841255"} -index 0
rst -processor
targets -set -nocase -filter {name =~ "ARM*#0" && jtag_cable_name =~ "Digilent JTAG-SMT2 210251841255"} -index 0
dow /home/node003/work/proj/spiral/dma/project_1/project_1.sdk/hello_world/Debug/hello_world.elf
----------------End of Script----------------

17:23:42 INFO  : Memory regions updated for context APU
17:23:42 INFO  : Context for processor 'ps7_cortexa9_0' is selected.
17:23:42 INFO  : 'con' command is executed.
17:23:42 INFO  : ----------------XSDB Script (After Launch)----------------
targets -set -nocase -filter {name =~ "ARM*#0" && jtag_cable_name =~ "Digilent JTAG-SMT2 210251841255"} -index 0
con
----------------End of Script----------------

17:24:19 INFO  : Disconnected from the channel tcfchan#7.
17:24:19 INFO  : 'targets -set -filter {jtag_cable_name =~ "Digilent JTAG-SMT2 210251841255" && level==0} -index 1' command is executed.
17:24:19 INFO  : 'fpga -state' command is executed.
17:24:19 INFO  : Connected to target on host '127.0.0.1' and port '3121'.
17:24:19 INFO  : Sourcing of '/home/node003/work/proj/spiral/dma/project_1/project_1.sdk/design_1_wrapper_hw_platform_0/ps7_init.tcl' is done.
17:24:20 INFO  : 'targets -set -filter {name =~"APU" && jtag_cable_name =~ "Digilent JTAG-SMT2 210251841255"} -index 0' command is executed.
17:24:20 INFO  : Hardware design information is loaded from '/home/node003/work/proj/spiral/dma/project_1/project_1.sdk/design_1_wrapper_hw_platform_0/system.hdf'.
17:24:20 INFO  : 'targets -set -filter {name =~"APU" && jtag_cable_name =~ "Digilent JTAG-SMT2 210251841255"} -index 0' command is executed.
17:24:20 INFO  : 'stop' command is executed.
17:24:21 INFO  : 'ps7_init' command is executed.
17:24:21 INFO  : 'ps7_post_config' command is executed.
17:24:21 INFO  : 'con' command is executed.
17:24:21 INFO  : Context for processor 'ps7_cortexa9_0' is selected.
17:24:21 INFO  : Processor reset is completed for 'ps7_cortexa9_0'.
17:24:22 INFO  : Context for processor 'ps7_cortexa9_0' is selected.
17:24:22 INFO  : The application '/home/node003/work/proj/spiral/dma/project_1/project_1.sdk/hello_world/Debug/hello_world.elf' is downloaded to processor 'ps7_cortexa9_0'.
17:24:22 INFO  : ----------------XSDB Script----------------
connect -url tcp:127.0.0.1:3121
source /home/node003/work/proj/spiral/dma/project_1/project_1.sdk/design_1_wrapper_hw_platform_0/ps7_init.tcl
targets -set -filter {name =~"APU" && jtag_cable_name =~ "Digilent JTAG-SMT2 210251841255"} -index 0
loadhw /home/node003/work/proj/spiral/dma/project_1/project_1.sdk/design_1_wrapper_hw_platform_0/system.hdf
targets -set -filter {name =~"APU" && jtag_cable_name =~ "Digilent JTAG-SMT2 210251841255"} -index 0
stop
ps7_init
ps7_post_config
con
targets -set -nocase -filter {name =~ "ARM*#0" && jtag_cable_name =~ "Digilent JTAG-SMT2 210251841255"} -index 0
rst -processor
targets -set -nocase -filter {name =~ "ARM*#0" && jtag_cable_name =~ "Digilent JTAG-SMT2 210251841255"} -index 0
dow /home/node003/work/proj/spiral/dma/project_1/project_1.sdk/hello_world/Debug/hello_world.elf
----------------End of Script----------------

17:24:22 INFO  : Memory regions updated for context APU
17:24:22 INFO  : Context for processor 'ps7_cortexa9_0' is selected.
17:24:22 INFO  : 'con' command is executed.
17:24:22 INFO  : ----------------XSDB Script (After Launch)----------------
targets -set -nocase -filter {name =~ "ARM*#0" && jtag_cable_name =~ "Digilent JTAG-SMT2 210251841255"} -index 0
con
----------------End of Script----------------

15:09:25 INFO  : Launching XSDB server: xsdb -n /edatools/Xilinx/SDK/2015.4/scripts/xsdb/xsdb/xsdb-server.tcl
15:09:31 INFO  : Launching XSDB server: xsdb -n /edatools/Xilinx/SDK/2015.4/scripts/xsdb/xsdb/xsdb-server.tcl
15:09:32 INFO  : XSDB server has started successfully.
15:09:32 INFO  : XSDB server has started successfully.
15:09:36 INFO  : Processing command line option -hwspec /home/node003/work/proj/spiral/dma/project_1/project_1.sdk/design_1_wrapper.hdf.
15:09:44 INFO  : Checking for hwspec changes in the project design_1_wrapper_hw_platform_0.
15:09:44 INFO  : SDK has detected change in the last modified timestamps for source hardware specification file Source:1467227328000,  Project:1466776593000
15:09:44 INFO  : The hardware specification for project 'design_1_wrapper_hw_platform_0' is different from /home/node003/work/proj/spiral/dma/project_1/project_1.sdk/design_1_wrapper.hdf.
15:09:44 INFO  : Copied contents of /home/node003/work/proj/spiral/dma/project_1/project_1.sdk/design_1_wrapper.hdf into /design_1_wrapper_hw_platform_0/system.hdf.
15:10:06 INFO  : Synchronizing projects in the workspace with the hardware platform specification changes.
15:10:07 ERROR : (XSDB Server)ERROR: [Hsi 55-1433] Error boost::filesystem::directory_iterator::construct: Permission denied: "/tmp/systemd-private-6a74b898559d41fba95a6e27c1804403-colord.service-uO8H4z"

15:10:07 ERROR : (XSDB Server)ERROR: [Hsi 55-1433] Error boost::filesystem::directory_iterator::construct: Permission denied: "/tmp/systemd-private-6a74b898559d41fba95a6e27c1804403-rtkit-daemon.service-NaHNFN"

15:10:07 ERROR : Failed to call sync_sw_with_hw_change
Reason: ERROR: [Common 17-39] 'hsi::open_sw_design' failed due to earlier errors.

15:10:07 ERROR : Error updating BSP project MSS files.
15:10:08 INFO  : Updating hardware inferred compiler options for hello_world.
15:10:08 INFO  : Clearing existing target manager status.
15:24:39 ERROR : (XSDB Server)ERROR: [Hsi 55-1558] Software Design system system is not found

15:24:39 ERROR :  [Common 17-39] 'hsi::current_sw_design' failed due to earlier errors.
15:24:39 ERROR : (XSDB Server)ERROR: [Hsi 55-1558] Software Design system system is not found

15:24:39 INFO  : Unable to read in MSS file /home/node003/work/proj/spiral/dma/project_1/project_1.sdk/hello_world_bsp/system.mss : null
15:24:39 ERROR : (XSDB Server)ERROR: [Hsi 55-1558] Software Design system system is not found

15:24:39 ERROR : (XSDB Server)ERROR: [Hsi 55-1558] Software Design system system is not found

15:24:39 ERROR : Failed to get_connected_periphs
Reason: ERROR: [Common 17-55] 'get_property' expects at least one object.
Resolution: If [get_<value>] was used to populate the object, check to make sure this command returns at least one valid object.

15:25:55 INFO  : SDK has detected change in the last modified timestamps for source hardware specification file Source:1467227106000,  Project:1467227328000
15:25:55 INFO  : Project design_1_wrapper_hw_platform_0's source hardware specification located at /home/node003/work/proj/spiral/dma/project_1/project_1.sdk/design_1_wrapper.hdf is now different from the local copy.
		 The local copy will be replaced with the source specification and your workspace will be updated.
15:26:02 INFO  : Copied contents of /home/node003/work/proj/spiral/dma/project_1/project_1.sdk/design_1_wrapper.hdf into /design_1_wrapper_hw_platform_0/system.hdf.
15:26:09 INFO  : Synchronizing projects in the workspace with the hardware platform specification changes.
15:26:10 ERROR : (XSDB Server)ERROR: [Hsi 55-1433] Error boost::filesystem::directory_iterator::construct: Permission denied: "/tmp/systemd-private-6a74b898559d41fba95a6e27c1804403-colord.service-uO8H4z"

15:26:10 ERROR : (XSDB Server)ERROR: [Hsi 55-1433] Error boost::filesystem::directory_iterator::construct: Permission denied: "/tmp/systemd-private-6a74b898559d41fba95a6e27c1804403-rtkit-daemon.service-NaHNFN"

15:26:10 ERROR : Failed to call sync_sw_with_hw_change
Reason: ERROR: [Common 17-39] 'hsi::open_sw_design' failed due to earlier errors.

15:26:11 ERROR : Error updating BSP project MSS files.
15:26:11 INFO  : Updating hardware inferred compiler options for hello_world.
15:26:11 INFO  : Clearing existing target manager status.
15:26:21 ERROR : Unexpected error while parsing XMD response ￿: com.google.gson.JsonSyntaxException: com.google.gson.stream.MalformedJsonException: invalid number or unquoted string near 
16:24:48 INFO  : Launching XSDB server: xsdb -n /edatools/Xilinx/SDK/2015.4/scripts/xsdb/xsdb/xsdb-server.tcl
16:24:50 INFO  : XSDB server has started successfully.
16:24:50 INFO  : Processing command line option -hwspec /home/node003/work/proj/spiral/dma/project_1/project_1.sdk/design_1_wrapper.hdf.
16:24:51 INFO  : Checking for hwspec changes in the project design_1_wrapper_hw_platform_0.
16:48:46 INFO  : Connected to target on host '127.0.0.1' and port '3121'.
16:48:46 INFO  : 'targets -set -filter {jtag_cable_name =~ "Digilent JTAG-SMT2 210251841255" && level==0} -index 1' command is executed.
16:48:57 INFO  : FPGA configured successfully with bitstream "/home/node003/work/proj/spiral/dma/project_1/project_1.sdk/design_1_wrapper_hw_platform_0/design_1_wrapper.bit"
