Copyright 1986-2015 Xilinx, Inc. All Rights Reserved.
------------------------------------------------------------------------------------
| Tool Version : Vivado v.2015.4 (lin64) Build 1412921 Wed Nov 18 09:44:32 MST 2015
| Date         : Wed Jun 29 17:39:36 2016
| Host         : node003-desktop.andrew.cmu.edu running 64-bit Ubuntu 15.04
| Command      : report_drc
------------------------------------------------------------------------------------

Report DRC

Table of Contents
-----------------
1. REPORT SUMMARY
2. REPORT DETAILS

1. REPORT SUMMARY
-----------------
            Netlist: netlist
          Floorplan: design_1
      Design limits: <entire design considered>
           Ruledeck: default
             Max violations: <unlimited>
             Violations found: 1

2. REPORT DETAILS
-----------------
PLIO-7#1 Warning
Placement Constraints Check for IO constraints  
An IO Bus FIXED_IO_mio[53:0] with more than one IO standard is found. Components associated with this bus are: HSTL_I_18 (FIXED_IO_mio[27], FIXED_IO_mio[26], FIXED_IO_mio[25], FIXED_IO_mio[24], FIXED_IO_mio[23], FIXED_IO_mio[22], FIXED_IO_mio[21], FIXED_IO_mio[20], FIXED_IO_mio[19], FIXED_IO_mio[18], FIXED_IO_mio[17], FIXED_IO_mio[16]); LVCMOS18 (FIXED_IO_mio[53], FIXED_IO_mio[52], FIXED_IO_mio[51], FIXED_IO_mio[50], FIXED_IO_mio[49], FIXED_IO_mio[48], FIXED_IO_mio[47], FIXED_IO_mio[46], FIXED_IO_mio[45], FIXED_IO_mio[44], FIXED_IO_mio[43], FIXED_IO_mio[42], FIXED_IO_mio[41], FIXED_IO_mio[40], FIXED_IO_mio[39] (the first 15 of 42 listed)); 
Related violations: <none>


