#-----------------------------------------------------------
# Vivado v2015.4 (64-bit)
# SW Build 1412921 on Wed Nov 18 09:44:32 MST 2015
# IP Build 1412160 on Tue Nov 17 13:47:24 MST 2015
# Start of session at: Mon Jun 27 09:46:32 2016
# Process ID: 2368
# Current directory: /home/node003/work/proj/spiral/dma/project_1
# Command line: vivado project_1.xpr
# Log file: /home/node003/work/proj/spiral/dma/project_1/vivado.log
# Journal file: /home/node003/work/proj/spiral/dma/project_1/vivado.jou
#-----------------------------------------------------------
start_gui
open_project project_1.xpr
Scanning sources...
Finished scanning sources
WARNING: [filemgmt 56-3] IP Repository Path: Could not find the directory '/home/node003/work/proj/spiral/dma/ip_repo/axi_fft_1.0'.
INFO: [IP_Flow 19-234] Refreshing IP repositories
INFO: [IP_Flow 19-1700] Loaded user IP repository '/home/node003/work/proj/spiral/dma/ip_repo/myip_video_1.0'.
INFO: [IP_Flow 19-1700] Loaded user IP repository '/home/node003/work/proj/spiral/dma/ip_repo/myipnew_1.0'.
INFO: [IP_Flow 19-1700] Loaded user IP repository '/home/node003/work/proj/spiral/dma/ip_repo/myip_1.0'.
WARNING: [IP_Flow 19-2207] Repository '/home/node003/work/proj/spiral/dma/ip_repo/myipnew_1.0' already exists; ignoring attempt to add it again.
INFO: [IP_Flow 19-1700] Loaded user IP repository '/home/node003/work/proj/spiral/dma/ip_repo/myipnew_1.0'.
WARNING: [IP_Flow 19-2207] Repository '/home/node003/work/proj/spiral/dma/ip_repo/myip_1.0' already exists; ignoring attempt to add it again.
INFO: [IP_Flow 19-1700] Loaded user IP repository '/home/node003/work/proj/spiral/dma/ip_repo/myip_1.0'.
WARNING: [IP_Flow 19-2248] Failed to load user IP repository '/home/node003/work/proj/spiral/dma/ip_repo/axi_fft_1.0'; Can't find the specified path.
If this directory should no longer be in your list of user repositories, go to the IP Settings dialog and remove it.
INFO: [IP_Flow 19-2313] Loaded Vivado IP repository '/edatools/Xilinx/Vivado/2015.4/data/ip'.
open_project: Time (s): cpu = 00:00:21 ; elapsed = 00:00:16 . Memory (MB): peak = 5828.660 ; gain = 172.672 ; free physical = 29796 ; free virtual = 63592
open_bd_design {/home/node003/work/proj/spiral/dma/project_1/project_1.srcs/sources_1/bd/design_1/design_1.bd}
Adding component instance block -- xilinx.com:ip:processing_system7:5.5 - processing_system7_0
Adding component instance block -- xilinx.com:ip:proc_sys_reset:5.0 - rst_processing_system7_0_50M
Adding component instance block -- xilinx.com:ip:xlconstant:1.1 - xlconstant_0
Adding component instance block -- xilinx.com:ip:xlconstant:1.1 - xlconstant_1
Adding component instance block -- user.org:user:myip:1.0 - myip_0
Adding component instance block -- xilinx.com:ip:axi_protocol_converter:2.1 - auto_pc
Adding component instance block -- xilinx.com:ip:axi_protocol_converter:2.1 - auto_pc
Adding component instance block -- xilinx.com:ip:axi_dwidth_converter:2.1 - auto_us
Adding component instance block -- xilinx.com:ip:axi_protocol_converter:2.1 - auto_pc
Successfully read diagram <design_1> from BD file </home/node003/work/proj/spiral/dma/project_1/project_1.srcs/sources_1/bd/design_1/design_1.bd>
open_bd_design: Time (s): cpu = 00:00:11 ; elapsed = 00:00:10 . Memory (MB): peak = 5929.504 ; gain = 100.844 ; free physical = 29527 ; free virtual = 63374
WARNING: [IP_Flow 19-3899] Cannot get the environment domain name variable for the component vendor name. Setting the vendor name to 'user.org'.
WARNING: [IP_Flow 19-3899] Cannot get the environment domain name variable for the component vendor name. Setting the vendor name to 'user.org'.
WARNING: [IP_Flow 19-3899] Cannot get the environment domain name variable for the component vendor name. Setting the vendor name to 'user.org'.
WARNING: [IP_Flow 19-3899] Cannot get the environment domain name variable for the component vendor name. Setting the vendor name to 'user.org'.
create_peripheral user.org user myip_test 1.0 -dir /home/node003/work/proj/spiral/dma/ip_repo
add_peripheral_interface S00_AXI -interface_mode slave -axi_type lite [ipx::find_open_core user.org:user:myip_test:1.0]
set_property VALUE 512 [ipx::get_bus_parameters WIZ_NUM_REG -of_objects [ipx::get_bus_interfaces S00_AXI -of_objects [ipx::find_open_core user.org:user:myip_test:1.0]]]
add_peripheral_interface M00_AXI -interface_mode master -axi_type lite [ipx::find_open_core user.org:user:myip_test:1.0]
add_peripheral_interface S01_AXI -interface_mode slave -axi_type full [ipx::find_open_core user.org:user:myip_test:1.0]
set_property VALUE 1024 [ipx::get_bus_parameters WIZ_MEMORY_SIZE -of_objects [ipx::get_bus_interfaces S01_AXI -of_objects [ipx::find_open_core user.org:user:myip_test:1.0]]]
add_peripheral_interface M01_AXI -interface_mode master -axi_type full [ipx::find_open_core user.org:user:myip_test:1.0]
add_peripheral_interface S00_AXIS -interface_mode slave -axi_type stream [ipx::find_open_core user.org:user:myip_test:1.0]
add_peripheral_interface M00_AXIS -interface_mode master -axi_type stream [ipx::find_open_core user.org:user:myip_test:1.0]
generate_peripheral -driver -bfm_example_design -debug_hw_example_design [ipx::find_open_core user.org:user:myip_test:1.0]
WARNING: [IP_Flow 19-627] AddressBlock Parameter 'OFFSET_BASE_PARAM': XPath expression failed: Undefined parameter "ADDRBLOCKPARAM_VALUE.S01_AXI_mem.OFFSET_BASE_PARAM" used in XPATH expression "ADDRBLOCKPARAM_VALUE.S01_AXI_mem.OFFSET_BASE_PARAM".
WARNING: [IP_Flow 19-627] AddressBlock Parameter 'OFFSET_HIGH_PARAM': XPath expression failed: Undefined parameter "ADDRBLOCKPARAM_VALUE.S01_AXI_mem.OFFSET_HIGH_PARAM" used in XPATH expression "ADDRBLOCKPARAM_VALUE.S01_AXI_mem.OFFSET_HIGH_PARAM".
WARNING: [IP_Flow 19-627] AddressBlock Parameter 'OFFSET_BASE_PARAM': XPath expression failed: Undefined parameter "ADDRBLOCKPARAM_VALUE.S00_AXI_reg.OFFSET_BASE_PARAM" used in XPATH expression "ADDRBLOCKPARAM_VALUE.S00_AXI_reg.OFFSET_BASE_PARAM".
WARNING: [IP_Flow 19-627] AddressBlock Parameter 'OFFSET_HIGH_PARAM': XPath expression failed: Undefined parameter "ADDRBLOCKPARAM_VALUE.S00_AXI_reg.OFFSET_HIGH_PARAM" used in XPATH expression "ADDRBLOCKPARAM_VALUE.S00_AXI_reg.OFFSET_HIGH_PARAM".
write_peripheral [ipx::find_open_core user.org:user:myip_test:1.0]
set_property  ip_repo_paths  {/home/node003/work/proj/spiral/dma/ip_repo/myip_test_1.0 /home/node003/work/proj/spiral/dma/ip_repo/myip_video_1.0 /home/node003/work/proj/spiral/dma/ip_repo/myipnew_1.0 /home/node003/work/proj/spiral/dma/ip_repo/myip_1.0 /home/node003/work/proj/spiral/dma/ip_repo/myipnew_1.0 /home/node003/work/proj/spiral/dma/ip_repo/myip_1.0 /home/node003/work/proj/spiral/dma/ip_repo/axi_fft_1.0} [current_project]
update_ip_catalog -rebuild
INFO: [IP_Flow 19-234] Refreshing IP repositories
INFO: [IP_Flow 19-1700] Loaded user IP repository '/home/node003/work/proj/spiral/dma/ip_repo/myip_test_1.0'.
INFO: [IP_Flow 19-1700] Loaded user IP repository '/home/node003/work/proj/spiral/dma/ip_repo/myip_video_1.0'.
INFO: [IP_Flow 19-1700] Loaded user IP repository '/home/node003/work/proj/spiral/dma/ip_repo/myipnew_1.0'.
INFO: [IP_Flow 19-1700] Loaded user IP repository '/home/node003/work/proj/spiral/dma/ip_repo/myip_1.0'.
WARNING: [IP_Flow 19-2207] Repository '/home/node003/work/proj/spiral/dma/ip_repo/myipnew_1.0' already exists; ignoring attempt to add it again.
INFO: [IP_Flow 19-1700] Loaded user IP repository '/home/node003/work/proj/spiral/dma/ip_repo/myipnew_1.0'.
WARNING: [IP_Flow 19-2207] Repository '/home/node003/work/proj/spiral/dma/ip_repo/myip_1.0' already exists; ignoring attempt to add it again.
INFO: [IP_Flow 19-1700] Loaded user IP repository '/home/node003/work/proj/spiral/dma/ip_repo/myip_1.0'.
WARNING: [IP_Flow 19-2248] Failed to load user IP repository '/home/node003/work/proj/spiral/dma/ip_repo/axi_fft_1.0'; Can't find the specified path.
If this directory should no longer be in your list of user repositories, go to the IP Settings dialog and remove it.
